#
# There is insufficient memory for the Java Runtime Environment to continue.
# Native memory allocation (mmap) failed to map 117440512 bytes for G1 virtual space
# Possible reasons:
#   The system is out of physical RAM or swap space
#   The process is running with CompressedOops enabled, and the Java Heap may be blocking the growth of the native heap
# Possible solutions:
#   Reduce memory load on the system
#   Increase physical memory or swap space
#   Check if swap backing store is full
#   Decrease Java heap size (-Xmx/-Xms)
#   Decrease number of Java threads
#   Decrease Java thread stack sizes (-Xss)
#   Set larger code cache with -XX:ReservedCodeCacheSize=
#   JVM is running with Unscaled Compressed Oops mode in which the Java heap is
#     placed in the first 4GB address space. The Java Heap base address is the
#     maximum limit for the native heap growth. Please use -XX:HeapBaseMinAddress
#     to set the Java Heap base and to place the Java Heap above 4GB virtual address.
# This output file may be truncated or incomplete.
#
#  Out of Memory Error (os_windows.cpp:3530), pid=11332, tid=10608
#
# JRE version:  (18.0.2+9) (build )
# Java VM: Java HotSpot(TM) 64-Bit Server VM (18.0.2+9-61, mixed mode, sharing, tiered, compressed oops, compressed class ptrs, g1 gc, windows-amd64)
# No core dump will be written. Minidumps are not enabled by default on client versions of Windows
#

---------------  S U M M A R Y ------------

Command Line: -Dfile.encoding=windows-1252 -Duser.country=ES -Duser.language=es -Duser.variant com.utn.TP1JPA.Tp1JpaApplication

Host: AMD A10-7300 Radeon R6, 10 Compute Cores 4C+6G , 4 cores, 6G,  Windows 10 , 64 bit Build 19041 (10.0.19041.3155)
Time: Wed Sep 13 11:59:53 2023 Hora estándar de Argentina elapsed time: 0.111821 seconds (0d 0h 0m 0s)

---------------  T H R E A D  ---------------

Current thread (0x00000204667e0060):  JavaThread "Unknown thread" [_thread_in_vm, id=10608, stack(0x0000005980400000,0x0000005980500000)]

Stack: [0x0000005980400000,0x0000005980500000]
Native frames: (J=compiled Java code, j=interpreted, Vv=VM code, C=native code)
V  [jvm.dll+0x6993ca]
V  [jvm.dll+0x7f481d]
V  [jvm.dll+0x7f612e]
V  [jvm.dll+0x7f67e3]
V  [jvm.dll+0x25cdaf]
V  [jvm.dll+0x696319]
V  [jvm.dll+0x68ae4a]
V  [jvm.dll+0x3223eb]
V  [jvm.dll+0x329dc6]
V  [jvm.dll+0x37eade]
V  [jvm.dll+0x37ed0f]
V  [jvm.dll+0x2fa16a]
V  [jvm.dll+0x2fb1cd]
V  [jvm.dll+0x7c3450]
V  [jvm.dll+0x38be61]
V  [jvm.dll+0x7a2073]
V  [jvm.dll+0x40dc3f]
V  [jvm.dll+0x40f611]
C  [jli.dll+0x526b]
C  [ucrtbase.dll+0x21bb2]
C  [KERNEL32.DLL+0x17614]
C  [ntdll.dll+0x526b1]


---------------  P R O C E S S  ---------------

Threads class SMR info:
_java_thread_list=0x00007ffa7126e550, length=0, elements={
}

Java Threads: ( => current thread )

Other Threads:
  0x0000020466839160 WorkerThread "GC Thread#0" [stack: 0x0000005980500000,0x0000005980600000] [id=11076]
  0x0000020466847e90 ConcurrentGCThread "G1 Main Marker" [stack: 0x0000005980600000,0x0000005980700000] [id=9840]
  0x0000020466848880 WorkerThread "G1 Conc#0" [stack: 0x0000005980700000,0x0000005980800000] [id=13064]

[error occurred during error reporting (printing all threads), id 0xc0000005, EXCEPTION_ACCESS_VIOLATION (0xc0000005) at pc=0x00007ffa70a9a707]

VM state: not at safepoint (not fully initialized)

VM Mutex/Monitor currently owned by a thread:  ([mutex/lock_event])
[0x00000204667dcba0] Heap_lock - owner thread: 0x00000204667e0060

Heap address: 0x0000000091000000, size: 1776 MB, Compressed Oops mode: 32-bit

CDS archive(s) mapped at: [0x0000000000000000-0x0000000000000000-0x0000000000000000), size 0, SharedBaseAddress: 0x0000000800000000, ArchiveRelocationMode: 0.
Narrow klass base: 0x0000000000000000, Narrow klass shift: 0, Narrow klass range: 0x0

GC Precious Log:
 CardTable entry size: 512
 Card Set container configuration: InlinePtr #cards 5 size 8 Array Of Cards #cards 12 size 40 Howl #buckets 4 coarsen threshold 1843 Howl Bitmap #cards 512 size 80 coarsen threshold 460 Card regions per heap region 1 cards per card region 2048

Heap:
 garbage-first heap   total 0K, used 0K [0x0000000091000000, 0x0000000100000000)
  region size 1024K, 0 young (0K), 0 survivors (0K)

[error occurred during error reporting (printing heap information), id 0xc0000005, EXCEPTION_ACCESS_VIOLATION (0xc0000005) at pc=0x00007ffa70e81859]

GC Heap History (0 events):
No events

Deoptimization events (0 events):
No events

Classes loaded (0 events):
No events

Classes unloaded (0 events):
No events

Classes redefined (0 events):
No events

Internal exceptions (0 events):
No events

VM Operations (0 events):
No events

Events (1 events):
Event: 0.033 Loaded shared library C:\Program Files\Java\jdk-18.0.2\bin\java.dll


Dynamic libraries:
0x00007ff78be10000 - 0x00007ff78be20000 	C:\Program Files\Java\jdk-18.0.2\bin\java.exe
0x00007ffac69d0000 - 0x00007ffac6bc8000 	C:\WINDOWS\SYSTEM32\ntdll.dll
0x00007ffac5830000 - 0x00007ffac58ef000 	C:\WINDOWS\System32\KERNEL32.DLL
0x00007ffac4500000 - 0x00007ffac47f6000 	C:\WINDOWS\System32\KERNELBASE.dll
0x00007ffac4210000 - 0x00007ffac4310000 	C:\WINDOWS\System32\ucrtbase.dll
0x00007ffab8790000 - 0x00007ffab87aa000 	C:\Program Files\Java\jdk-18.0.2\bin\VCRUNTIME140.dll
0x00007ffab87b0000 - 0x00007ffab87c8000 	C:\Program Files\Java\jdk-18.0.2\bin\jli.dll
0x00007ffac5c20000 - 0x00007ffac5ccf000 	C:\WINDOWS\System32\ADVAPI32.dll
0x00007ffac61b0000 - 0x00007ffac624e000 	C:\WINDOWS\System32\msvcrt.dll
0x00007ffac6690000 - 0x00007ffac672c000 	C:\WINDOWS\System32\sechost.dll
0x00007ffac6400000 - 0x00007ffac6526000 	C:\WINDOWS\System32\RPCRT4.dll
0x00007ffac67c0000 - 0x00007ffac695d000 	C:\WINDOWS\System32\USER32.dll
0x00007ffac4a00000 - 0x00007ffac4a22000 	C:\WINDOWS\System32\win32u.dll
0x00007ffac5780000 - 0x00007ffac57ac000 	C:\WINDOWS\System32\GDI32.dll
0x00007ffac48e0000 - 0x00007ffac49f5000 	C:\WINDOWS\System32\gdi32full.dll
0x00007ffac4100000 - 0x00007ffac419d000 	C:\WINDOWS\System32\msvcp_win.dll
0x00007ffab4ff0000 - 0x00007ffab528a000 	C:\WINDOWS\WinSxS\amd64_microsoft.windows.common-controls_6595b64144ccf1df_6.0.19041.1110_none_60b5254171f9507e\COMCTL32.dll
0x00007ffabc3b0000 - 0x00007ffabc3ba000 	C:\WINDOWS\SYSTEM32\VERSION.dll
0x00007ffac6960000 - 0x00007ffac6990000 	C:\WINDOWS\System32\IMM32.DLL
0x00007ffab7ce0000 - 0x00007ffab7cec000 	C:\Program Files\Java\jdk-18.0.2\bin\vcruntime140_1.dll
0x00007ffaa6480000 - 0x00007ffaa650d000 	C:\Program Files\Java\jdk-18.0.2\bin\msvcp140.dll
0x00007ffa70790000 - 0x00007ffa713a1000 	C:\Program Files\Java\jdk-18.0.2\bin\server\jvm.dll
0x00007ffac6590000 - 0x00007ffac6598000 	C:\WINDOWS\System32\PSAPI.DLL
0x00007ffabdeb0000 - 0x00007ffabdeb9000 	C:\WINDOWS\SYSTEM32\WSOCK32.dll
0x00007ffaba190000 - 0x00007ffaba1b7000 	C:\WINDOWS\SYSTEM32\WINMM.dll
0x00007ffac58f0000 - 0x00007ffac595b000 	C:\WINDOWS\System32\WS2_32.dll
0x00007ffac1f50000 - 0x00007ffac1f62000 	C:\WINDOWS\SYSTEM32\kernel.appcore.dll
0x00007ffab3310000 - 0x00007ffab331a000 	C:\Program Files\Java\jdk-18.0.2\bin\jimage.dll
0x00007ffab10e0000 - 0x00007ffab12c4000 	C:\WINDOWS\SYSTEM32\DBGHELP.DLL
0x00007ffab2b40000 - 0x00007ffab2b74000 	C:\WINDOWS\SYSTEM32\dbgcore.DLL
0x00007ffac4310000 - 0x00007ffac4392000 	C:\WINDOWS\System32\bcryptPrimitives.dll
0x00007ffaa6de0000 - 0x00007ffaa6e05000 	C:\Program Files\Java\jdk-18.0.2\bin\java.dll

dbghelp: loaded successfully - version: 4.0.5 - missing functions: none
symbol engine: initialized successfully - sym options: 0x614 - pdb path: .;C:\Program Files\Java\jdk-18.0.2\bin;C:\WINDOWS\SYSTEM32;C:\WINDOWS\WinSxS\amd64_microsoft.windows.common-controls_6595b64144ccf1df_6.0.19041.1110_none_60b5254171f9507e;C:\Program Files\Java\jdk-18.0.2\bin\server

VM Arguments:
jvm_args: -Dfile.encoding=windows-1252 -Duser.country=ES -Duser.language=es -Duser.variant 
java_command: com.utn.TP1JPA.Tp1JpaApplication
java_class_path (initial): H:\Mi unidad\FACULTAD\3RO\Desarrollo de Software\TP1JPA\TP1JPA\build\classes\java\main;H:\Mi unidad\FACULTAD\3RO\Desarrollo de Software\TP1JPA\TP1JPA\build\resources\main;C:\Users\teach\.gradle\caches\modules-2\files-2.1\org.springframework.boot\spring-boot-devtools\3.1.3\8ff5dae9517b1818cd142ae9f1e5e3ba950c069a\spring-boot-devtools-3.1.3.jar;C:\Users\teach\.gradle\caches\modules-2\files-2.1\org.springframework.boot\spring-boot-starter-data-jpa\3.1.3\f0a12154dd3ecee15f6b0ad9cc8025cb600cbbfc\spring-boot-starter-data-jpa-3.1.3.jar;C:\Users\teach\.gradle\caches\modules-2\files-2.1\org.springframework.boot\spring-boot-starter-web\3.1.3\d4326db157b4cf73647ae69b588de0dc65cb702\spring-boot-starter-web-3.1.3.jar;C:\Users\teach\.gradle\caches\modules-2\files-2.1\com.h2database\h2\2.1.214\d5c2005c9e3279201e12d4776c948578b16bf8b2\h2-2.1.214.jar;C:\Users\teach\.gradle\caches\modules-2\files-2.1\org.springframework.boot\spring-boot-starter-aop\3.1.3\fd9c2fbba8e627f6d76c30915fab059396c91243\spring-boot-starter-aop-3.1.3.jar;C:\Users\teach\.gradle\caches\modules-2\files-2.1\org.springframework.boot\spring-boot-starter-jdbc\3.1.3\149a8252a24b88b92b64918781222e225297f956\spring-boot-starter-jdbc-3.1.3.jar;C:\Users\teach\.gradle\caches\modules-2\files-2.1\org.springframework.boot\spring-boot-starter-json\3.1.3\853a7b3152846d685e38c34ad8e14f221228c846\spring-boot-starter-json-3.1.3.jar;C:\Users\teach\.gradle\caches\modules-2\files-2.1\org.springframework.boot\spring-boot-starter\3.1.3\c59f038f005cf8fb3338b7b9e50e9a65bac1ebca\spring-boot-starter-3.1.3.jar;C:\Users\teach\.gradle\caches\modules-2\files-2.1\org.springframework.boot\spring-boot-autoconfigure\3.1.3\d7d4e0cdf5a42158a5460feb67d0c56aba2ef8b2\spring-boot-autoconfigure-3.1.3.jar;C:\Users\teach\.gradle\caches\modules-2\files-2.1\org.springframework.boot\spring-boot\3.1.3\7161dbfbbdde423513c89deae00da8068319a26a\spring-boot-3.1.3.jar;C:\Users\teach\.gradle\caches\modules-2\files-2.1\org.hibernate.orm\hibernate-core\6.2.7.Final\41ef07e4272936741bd47cb638d4f10d06bdb86\hibernate-core-6.2.7.Final.jar;C:\Users\teach\.gradle\caches\modules-2\files-2.1\org.springframework.data\spring-data-jpa\3.1.3\b521cf73f77556938bb6a8a7330a6f948152381b\spring-data-jpa-3.1.3.jar;C:\Users\teach\.gradle\caches\modules-2\files-2.1\org.springframework\spring-aspects\6.0.11\7b6fcc5d4f06c36c332b7a122dca863163a127d4\spring-aspects-6.0.11.jar;C:\Users\teach\.gradle\caches\modules-2\files-2.1\org.springframework.boot\spring-boot-starter-tomcat\3.1.3\af588c29407cd056296be081c281b3e196c4860a\spring-boot-starter-tomcat-3.1.3.jar;C:\Users\teach\.gradle\caches\modules-2\files-2.1\org.springframework\spring-webmvc\6.0.11\892b4a63b5d930c2c43058c6db0c2c65401fb078\spring-webmvc-6.0.11.jar;C:\Users\teach\.gradle\caches\modules-2\files-2.1\org.springframework\spring-web\6.0.11\c32a7bf6b88b83bac6aa63866fcf208892640446\spring-web-6.0.11.jar;C:\Users\teach\.gradle\caches\modules-2\files-2.1\org.springframework\spring-context\6.0.11\a7b10f3d3c1492bfc4e6d7c966cd2e21f4d441f5\spring-context-6.0.11.jar;C:\Users\teach\.gradle\caches\modules-2\files-2.1\org.springframework\spring-aop\6.0.11\15b85c825558fadb85e3c77779d7225ce7e4a7bc\spring-aop-6.0.11.jar;C:\Users\teach\.gradle\caches\modules-2\files-2.1\org.springframework\spring-orm\6.0.11\dde0c5f956052c8c3865e95202dd35b7437b2c6f\spring-orm-6.0.11.jar;C:\Users\teach\.gradle\caches\modules-2\files-2.1\org.springframework\spring-jdbc\6.0.11\dc495b5cb8052f044fd29aa68bb2231b1895b8f4\spring-jdbc-6.0.11.jar;C:\Users\teach\.gradle\caches\modules-2\files-2.1\org.springframework.data\spring-data-commons\3.1.3\afd3a74a2cd476022c6cdfd6679120f0e69e0f50\spring-data-commons-3.1.3.jar;C:\Users\teach\.gradle\caches\modules-2\files-2.1\org.springframework\spring-tx\6.0.11\59cd03d2ba6968ade8c192b4d6488efb48ec36f\spring-tx-6.0.11.jar;C:\Users\teach\.gradle\caches\modules-2\files-2.1\org.springframework\spring-beans\6.0.11\8513efc6e94b407b5cd85f69eeec511f1ef34164\spring-beans-6.0.11.jar;C:\Users\teach\.gradle\caches\modules-2\files-2.1\org.springframework\spring-expression\6.0.11\1d0940120a275719c3988c592068f4acf807fe59\spring-expression-6.0.11.jar;C:\Users\teach\.gradle\caches\modules-2\files-2.1\org.springframework\spring-core\6.0.11\87834b5cf95c6fa28f5bdf8a85e0daf0bff918a8\spring-core-6.0.11.jar;C:\Users\teach\.gradle\caches\modules-2\files-2.1\org.aspectj\aspectjweaver\1.9.20\da562407e43f74c0f8f5f5df4065d85ec1736d01\aspectjweaver-1.9.20.jar;C:\Users\teach\.gradle\caches\modules-2\files-2.1\com.zaxxer\HikariCP\5.0.1\a74c7f0a37046846e88d54f7cb6ea6d565c65f9c\HikariCP-5.0.1.jar;C:\Users\teach\.gradle\caches\modules-2\files-2.1\jakarta.persistence\jakarta.persistence-api\3.1.0\66901fa1c373c6aff65c13791cc11da72060a8d6\jakarta.persistence-api-3.1.0.jar;C:\Users\teach\.gradle\caches\modules-2\files-2.1\jakarta.transaction\jakarta.transaction-api\2.0.1\51a520e3fae406abb84e2e1148e6746ce3f80a1a\jakarta.transaction-api-2.0.1.jar;C:\Users\teach\.gradle\caches\modules-2\files-2.1\org.jboss.logging\jboss-logging\3.5.3.Final\c88fc1d8a96d4c3491f55d4317458ccad53ca663\jboss-logging-3.5.3.Final.jar;C:\Users\teach\.gradle\caches\modules-2\files-2.1\org.hibernate.common\hibernate-commons-annotations\6.0.6.Final\77a5f94b56d49508e0ee334751db5b78e5ccd50c\hibernate-commons-annotations-6.0.6.Final.jar;C:\Users\teach\.gradle\caches\modules-2\files-2.1\io.smallrye\jandex\3.0.5\c548a4871b552292dbdd65409d3fda145c8925c1\jandex-3.0.5.jar;C:\Users\teach\.gradle\caches\modules-2\files-2.1\com.fasterxml\classmate\1.5.1\3fe0bed568c62df5e89f4f174c101eab25345b6c\classmate-1.5.1.jar;C:\Users\teach\.gradle\caches\modules-2\files-2.1\net.bytebuddy\byte-buddy\1.14.6\316c1b1f3208a9d716c4419ed2080443235f7d1\byte-buddy-1.14.6.jar;C:\Users\teach\.gradle\caches\modules-2\files-2.1\org.glassfish.jaxb\jaxb-runtime\4.0.3\93af25be25b2c92c83e0ce61cb8b3ed23568f316\jaxb-runtime-4.0.3.jar;C:\Users\teach\.gradle\caches\modules-2\files-2.1\org.glassfish.jaxb\jaxb-core\4.0.3\e9093b4a82069a1d78ee9a3233ca387bca88861f\jaxb-core-4.0.3.jar;C:\Users\teach\.gradle\caches\modules-2\files-2.1\jakarta.xml.bind\jakarta.xml.bind-api\4.0.0\bbb399208d288b15ec101fa4fcfc4bd77cedc97a\jakarta.xml.bind-api-4.0.0.jar;C:\Users\teach\.gradle\caches\modules-2\files-2.1\jakarta.inject\jakarta.inject-api\2.0.1\4c28afe1991a941d7702fe1362c365f0a8641d1e\jakarta.inject-api-2.0.1.jar;C:\Users\teach\.gradle\caches\modules-2\files-2.1\org.antlr\antlr4-runtime\4.10.1\10839f875928f59c622d675091d51a43ea0dc5f7\antlr4-runtime-4.10.1.jar;C:\Users\teach\.gradle\caches\modules-2\files-2.1\jakarta.annotation\jakarta.annotation-api\2.1.1\48b9bda22b091b1f48b13af03fe36db3be6e1ae3\jakarta.annotation-api-2.1.1.jar;C:\Users\teach\.gradle\caches\modules-2\files-2.1\org.springframework.boot\spring-boot-starter-logging\3.1.3\8a4402a80f01fb8193907b1ea6c9f4a71df6589e\spring-boot-starter-logging-3.1.3.jar;C:\Users\teach\.gradle\caches\modules-2\files-2.1\ch.qos.logback\logback-classic\1.4.11\54450c0c783e896a1a6d88c043bd2f1daba1c382\logback-classic-1.4.11.jar;C:\Users\teach\.gradle\caches\modules-2\files-2.1\org.apache.logging.log4j\log4j-to-slf4j\2.20.0\d37f81f8978e2672bc32c82712ab4b3f66624adc\log4j-to-slf4j-2.20.0.jar;C:\Users\teach\.gradle\caches\modules-2\files-2.1\org.slf4j\jul-to-slf4j\2.0.7\a48f44aeaa8a5ddc347007298a28173ac1fbbd8b\jul-to-slf4j-2.0.7.jar;C:\Users\teach\.gradle\caches\modules-2\files-2.1\org.slf4j\slf4j-api\2.0.7\41eb7184ea9d556f23e18b5cb99cad1f8581fc00\slf4j-api-2.0.7.jar;C:\Users\teach\.gradle\caches\modules-2\files-2.1\org.yaml\snakeyaml\1.33\2cd0a87ff7df953f810c344bdf2fe3340b954c69\snakeyaml-1.33.jar;C:\Users\teach\.gradle\caches\modules-2\files-2.1\com.fasterxml.jackson.datatype\jackson-datatype-jsr310\2.15.2\30d16ec2aef6d8094c5e2dce1d95034ca8b6cb42\jackson-datatype-jsr310-2.15.2.jar;C:\Users\teach\.gradle\caches\modules-2\files-2.1\com.fasterxml.jackson.module\jackson-module-parameter-names\2.15.2\75f8d2788db20f6c587c7a19e94fb6248c314241\jackson-module-parameter-names-2.15.2.jar;C:\Users\teach\.gradle\caches\modules-2\files-2.1\com.fasterxml.jackson.core\jackson-annotations\2.15.2\4724a65ac8e8d156a24898d50fd5dbd3642870b8\jackson-annotations-2.15.2.jar;C:\Users\teach\.gradle\caches\modules-2\files-2.1\com.fasterxml.jackson.core\jackson-core\2.15.2\a6fe1836469a69b3ff66037c324d75fc66ef137c\jackson-core-2.15.2.jar;C:\Users\teach\.gradle\caches\modules-2\files-2.1\com.fasterxml.jackson.datatype\jackson-datatype-jdk8\2.15.2\66a50e089cfd2f93896b9b6f7a734cea7bcf2f31\jackson-datatype-jdk8-2.15.2.jar;C:\Users\teach\.gradle\caches\modules-2\files-2.1\com.fasterxml.jackson.core\jackson-databind\2.15.2\9353b021f10c307c00328f52090de2bdb4b6ff9c\jackson-databind-2.15.2.jar;C:\Users\teach\.gradle\caches\modules-2\files-2.1\org.apache.tomcat.embed\tomcat-embed-websocket\10.1.12\c96beb8e6d5a6783d6e026909aa65c2aaa6d95da\tomcat-embed-websocket-10.1.12.jar;C:\Users\teach\.gradle\caches\modules-2\files-2.1\org.apache.tomcat.embed\tomcat-embed-core\10.1.12\55acd05b20308a39d08a6a02e8f8bc0c17b7b5f\tomcat-embed-core-10.1.12.jar;C:\Users\teach\.gradle\caches\modules-2\files-2.1\org.apache.tomcat.embed\tomcat-embed-el\10.1.12\2a8cfb1053b6f7c445d78186ac32c73eb773973c\tomcat-embed-el-10.1.12.jar;C:\Users\teach\.gradle\caches\modules-2\files-2.1\io.micrometer\micrometer-observation\1.11.3\aaea9efe8f00c184b12f729a2f37e18ca4f33b8d\micrometer-observation-1.11.3.jar;C:\Users\teach\.gradle\caches\modules-2\files-2.1\org.springframework\spring-jcl\6.0.11\c9b16cdb6d4874ba4118fcdd4b0335f6278b378\spring-jcl-6.0.11.jar;C:\Users\teach\.gradle\caches\modules-2\files-2.1\org.eclipse.angus\angus-activation\2.0.1\eaafaf4eb71b400e4136fc3a286f50e34a68ecb7\angus-activation-2.0.1.jar;C:\Users\teach\.gradle\caches\modules-2\files-2.1\jakarta.activation\jakarta.activation-api\2.1.2\640c0d5aff45dbff1e1a1bc09673ff3a02b1ba12\jakarta.activation-api-2.1.2.jar;C:\Users\teach\.gradle\caches\modules-2\files-2.1\io.micrometer\micrometer-commons\1.11.3\3422d6b1e5ce99cc3ad9ae83dbc83409e2f07603\micrometer-commons-1.11.3.jar;C:\Users\teach\.gradle\caches\modules-2\files-2.1\org.glassfish.jaxb\txw2\4.0.3\47b8fe31c6d1a3382203af919400527389e01e9c\txw2-4.0.3.jar;C:\Users\teach\.gradle\caches\modules-2\files-2.1\com.sun.istack\istack-commons-runtime\4.1.2\18ec117c85f3ba0ac65409136afa8e42bc74e739\istack-commons-runtime-4.1.2.jar;C:\Users\teach\.gradle\caches\modules-2\files-2.1\ch.qos.logback\logback-core\1.4.11\2f9f280219a9922a74200eaf7138c4c17fb87c0f\logback-core-1.4.11.jar;C:\Users\teach\.gradle\caches\modules-2\files-2.1\org.apache.logging.log4j\log4j-api\2.20.0\1fe6082e660daf07c689a89c94dc0f49c26b44bb\log4j-api-2.20.0.jar
Launcher Type: SUN_STANDARD

[Global flags]
     intx CICompilerCount                          = 3                                         {product} {ergonomic}
     uint ConcGCThreads                            = 1                                         {product} {ergonomic}
     uint G1ConcRefinementThreads                  = 4                                         {product} {ergonomic}
   size_t G1HeapRegionSize                         = 1048576                                   {product} {ergonomic}
    uintx GCDrainStackTargetSize                   = 64                                        {product} {ergonomic}
   size_t InitialHeapSize                          = 117440512                                 {product} {ergonomic}
   size_t MarkStackSize                            = 4194304                                   {product} {ergonomic}
   size_t MaxHeapSize                              = 1862270976                                {product} {ergonomic}
   size_t MinHeapDeltaBytes                        = 1048576                                   {product} {ergonomic}
   size_t MinHeapSize                              = 8388608                                   {product} {ergonomic}
    uintx NonNMethodCodeHeapSize                   = 5832780                                {pd product} {ergonomic}
    uintx NonProfiledCodeHeapSize                  = 122912730                              {pd product} {ergonomic}
    uintx ProfiledCodeHeapSize                     = 122912730                              {pd product} {ergonomic}
    uintx ReservedCodeCacheSize                    = 251658240                              {pd product} {ergonomic}
     bool SegmentedCodeCache                       = true                                      {product} {ergonomic}
   size_t SoftMaxHeapSize                          = 1862270976                             {manageable} {ergonomic}
     bool UseCompressedClassPointers               = true                           {product lp64_product} {ergonomic}
     bool UseCompressedOops                        = true                           {product lp64_product} {ergonomic}
     bool UseG1GC                                  = true                                      {product} {ergonomic}
     bool UseLargePagesIndividualAllocation        = false                                  {pd product} {ergonomic}

Logging:
Log output configuration:
 #0: stdout all=warning uptime,level,tags foldmultilines=false
 #1: stderr all=off uptime,level,tags foldmultilines=false

Environment Variables:
PATH=C:\Program Files\Common Files\Oracle\Java\javapath;C:\WINDOWS\system32;C:\WINDOWS;C:\WINDOWS\System32\Wbem;C:\WINDOWS\System32\WindowsPowerShell\v1.0\;C:\WINDOWS\System32\OpenSSH\;C:\Program Files (x86)\QuickTime\QTSystem\;C:\Program Files\dotnet\;C:\FlexBizon\bin;C:\ProgramData\chocolatey\bin;C:\Program Files\Git\cmd;C:\Users\teach\AppData\Local\Microsoft\WindowsApps;C:\Users\teach\AppData\Local\Programs\Microsoft VS Code\bin;C:\Program Files (x86)\ZinjaI\mingw32-gcc6\bin;C:\FlexBizon\bin;
USERNAME=teach
OS=Windows_NT
PROCESSOR_IDENTIFIER=AMD64 Family 21 Model 48 Stepping 1, AuthenticAMD



---------------  S Y S T E M  ---------------

OS:
 Windows 10 , 64 bit Build 19041 (10.0.19041.3155)
OS uptime: 1 days 16:09 hours

CPU: total 4 (initial active 4) (4 cores per cpu, 1 threads per core) family 21 model 48 stepping 1 microcode 0x0, cx8, cmov, fxsr, mmx, 3dnowpref, sse, sse2, sse3, ssse3, sse4a, sse4.1, sse4.2, popcnt, lzcnt, tsc, tscinvbit, avx, aes, clmul, bmi1, fma, vzeroupper, clflush

Memory: 4k page, system-wide physical 7098M (83M free)
TotalPageFile size 8122M (AvailPageFile size 40M)
current process WorkingSet (physical memory assigned to process): 10M, peak: 10M
current process commit charge ("private bytes"): 52M, peak: 163M

vm_info: Java HotSpot(TM) 64-Bit Server VM (18.0.2+9-61) for windows-amd64 JRE (18.0.2+9-61), built on Jun  7 2022 13:09:01 by "mach5one" with MS VC++ 16.8 / 16.9 (VS2019)

END.
